<?xml version="1.0" encoding="UTF-8"?>
<!-- Generated by org.testng.reporters.JUnitXMLReporter -->
<testsuite ignored="0" hostname="EN911201" failures="0" tests="6" name="Demo Folder1" time="56.554" errors="0" timestamp="2022-03-22T12:18:09 COT">
  <testcase classname="TestRunner" name="FailedLogin" time="2.743"/>
  <testcase classname="TestRunner" name="SortByDatesOnAscendingOrder" time="1.93"/>
  <testcase classname="TestRunner" name="SuccessfulLogin" time="1.997"/>
  <testcase classname="TestRunner" name="SuccessfulSearch" time="0.74"/>
  <testcase classname="TestRunner" name="ValidateActingTimeline" time="3.642"/>
  <testcase classname="TestRunner" name="VerifyMovieGenreFilter" time="3.528"/>
</testsuite> <!-- Demo Folder1 -->
