<?xml version="1.0" encoding="UTF-8"?>
<!-- Generated by org.testng.reporters.JUnitXMLReporter -->
<testsuite ignored="0" hostname="EN911201" failures="1" tests="6" name="Demo Folder1" time="47.995" errors="0" timestamp="2022-03-22T16:47:11 COT">
  <testcase classname="TestRunner" name="FailedLogin" time="2.688">
    <failure type="java.lang.AssertionError" message="expected [You have 4 remaining login attempts.] but found [You have 7 remaining login attempts.]">
      <![CDATA[java.lang.AssertionError: expected [You have 4 remaining login attempts.] but found [You have 7 remaining login attempts.]
at TestRunner.FailedLogin(TestRunner.java:57)
at java.base/java.util.ArrayList.forEach(ArrayList.java:1511)
at java.base/java.util.concurrent.FutureTask.run(FutureTask.java:264)
at java.base/java.util.concurrent.ThreadPoolExecutor.runWorker(ThreadPoolExecutor.java:1136)
at java.base/java.util.concurrent.ThreadPoolExecutor$Worker.run(ThreadPoolExecutor.java:635)
at java.base/java.lang.Thread.run(Thread.java:833)
... Removed 24 stack frames]]>
    </failure>
  </testcase> <!-- FailedLogin -->
  <testcase classname="TestRunner" name="SortByDatesOnAscendingOrder" time="1.908"/>
  <testcase classname="TestRunner" name="SuccessfulLogin" time="1.85"/>
  <testcase classname="TestRunner" name="SuccessfulSearch" time="0.923"/>
  <testcase classname="TestRunner" name="ValidateActingTimeline" time="3.566"/>
  <testcase classname="TestRunner" name="VerifyMovieGenreFilter" time="3.608"/>
</testsuite> <!-- Demo Folder1 -->
