<?xml version="1.0" encoding="UTF-8"?>
<testng-results ignored="0" total="6" passed="6" failed="0" skipped="0">
  <reporter-output>
  </reporter-output>
  <suite started-at="2022-03-22T12:17:13 COT" name="GUI Challenge" finished-at="2022-03-22T12:18:09 COT" duration-ms="56554">
    <groups>
    </groups>
    <test started-at="2022-03-22T12:17:13 COT" name="Demo Folder1" finished-at="2022-03-22T12:18:09 COT" duration-ms="56554">
      <class name="TestRunner">
        <test-method is-config="true" signature="setup()[pri:0, instance:TestRunner@7e8dcdaa]" started-at="2022-03-22T12:17:13 COT" name="setup" finished-at="2022-03-22T12:17:21 COT" duration-ms="8719" status="PASS">
          <reporter-output>
          </reporter-output>
        </test-method> <!-- setup -->
        <test-method signature="FailedLogin()[pri:0, instance:TestRunner@7e8dcdaa]" started-at="2022-03-22T12:17:21 COT" name="FailedLogin" finished-at="2022-03-22T12:17:24 COT" duration-ms="2743" status="PASS">
          <reporter-output>
          </reporter-output>
        </test-method> <!-- FailedLogin -->
        <test-method is-config="true" signature="Screenshots()[pri:0, instance:TestRunner@7e8dcdaa]" started-at="2022-03-22T12:17:24 COT" name="Screenshots" finished-at="2022-03-22T12:17:25 COT" duration-ms="422" status="PASS">
          <reporter-output>
          </reporter-output>
        </test-method> <!-- Screenshots -->
        <test-method is-config="true" signature="tearDown()[pri:0, instance:TestRunner@7e8dcdaa]" started-at="2022-03-22T12:17:25 COT" name="tearDown" finished-at="2022-03-22T12:17:25 COT" duration-ms="282" status="PASS">
          <reporter-output>
          </reporter-output>
        </test-method> <!-- tearDown -->
        <test-method is-config="true" signature="setup()[pri:0, instance:TestRunner@7e8dcdaa]" started-at="2022-03-22T12:17:25 COT" name="setup" finished-at="2022-03-22T12:17:33 COT" duration-ms="7770" status="PASS">
          <reporter-output>
          </reporter-output>
        </test-method> <!-- setup -->
        <test-method signature="SortByDatesOnAscendingOrder()[pri:0, instance:TestRunner@7e8dcdaa]" started-at="2022-03-22T12:17:33 COT" name="SortByDatesOnAscendingOrder" finished-at="2022-03-22T12:17:35 COT" duration-ms="1930" status="PASS">
          <reporter-output>
          </reporter-output>
        </test-method> <!-- SortByDatesOnAscendingOrder -->
        <test-method is-config="true" signature="Screenshots()[pri:0, instance:TestRunner@7e8dcdaa]" started-at="2022-03-22T12:17:35 COT" name="Screenshots" finished-at="2022-03-22T12:17:35 COT" duration-ms="618" status="PASS">
          <reporter-output>
          </reporter-output>
        </test-method> <!-- Screenshots -->
        <test-method is-config="true" signature="tearDown()[pri:0, instance:TestRunner@7e8dcdaa]" started-at="2022-03-22T12:17:35 COT" name="tearDown" finished-at="2022-03-22T12:17:36 COT" duration-ms="436" status="PASS">
          <reporter-output>
          </reporter-output>
        </test-method> <!-- tearDown -->
        <test-method is-config="true" signature="setup()[pri:0, instance:TestRunner@7e8dcdaa]" started-at="2022-03-22T12:17:36 COT" name="setup" finished-at="2022-03-22T12:17:42 COT" duration-ms="5839" status="PASS">
          <reporter-output>
          </reporter-output>
        </test-method> <!-- setup -->
        <test-method signature="SuccessfulLogin()[pri:0, instance:TestRunner@7e8dcdaa]" started-at="2022-03-22T12:17:42 COT" name="SuccessfulLogin" finished-at="2022-03-22T12:17:44 COT" duration-ms="1997" status="PASS">
          <reporter-output>
          </reporter-output>
        </test-method> <!-- SuccessfulLogin -->
        <test-method is-config="true" signature="Screenshots()[pri:0, instance:TestRunner@7e8dcdaa]" started-at="2022-03-22T12:17:44 COT" name="Screenshots" finished-at="2022-03-22T12:17:44 COT" duration-ms="427" status="PASS">
          <reporter-output>
          </reporter-output>
        </test-method> <!-- Screenshots -->
        <test-method is-config="true" signature="tearDown()[pri:0, instance:TestRunner@7e8dcdaa]" started-at="2022-03-22T12:17:44 COT" name="tearDown" finished-at="2022-03-22T12:17:44 COT" duration-ms="325" status="PASS">
          <reporter-output>
          </reporter-output>
        </test-method> <!-- tearDown -->
        <test-method is-config="true" signature="setup()[pri:0, instance:TestRunner@7e8dcdaa]" started-at="2022-03-22T12:17:44 COT" name="setup" finished-at="2022-03-22T12:17:49 COT" duration-ms="4716" status="PASS">
          <reporter-output>
          </reporter-output>
        </test-method> <!-- setup -->
        <test-method signature="SuccessfulSearch()[pri:0, instance:TestRunner@7e8dcdaa]" started-at="2022-03-22T12:17:49 COT" name="SuccessfulSearch" finished-at="2022-03-22T12:17:50 COT" duration-ms="740" status="PASS">
          <reporter-output>
          </reporter-output>
        </test-method> <!-- SuccessfulSearch -->
        <test-method is-config="true" signature="Screenshots()[pri:0, instance:TestRunner@7e8dcdaa]" started-at="2022-03-22T12:17:50 COT" name="Screenshots" finished-at="2022-03-22T12:17:50 COT" duration-ms="423" status="PASS">
          <reporter-output>
          </reporter-output>
        </test-method> <!-- Screenshots -->
        <test-method is-config="true" signature="tearDown()[pri:0, instance:TestRunner@7e8dcdaa]" started-at="2022-03-22T12:17:50 COT" name="tearDown" finished-at="2022-03-22T12:17:51 COT" duration-ms="494" status="PASS">
          <reporter-output>
          </reporter-output>
        </test-method> <!-- tearDown -->
        <test-method is-config="true" signature="setup()[pri:0, instance:TestRunner@7e8dcdaa]" started-at="2022-03-22T12:17:51 COT" name="setup" finished-at="2022-03-22T12:17:55 COT" duration-ms="4748" status="PASS">
          <reporter-output>
          </reporter-output>
        </test-method> <!-- setup -->
        <test-method signature="ValidateActingTimeline()[pri:0, instance:TestRunner@7e8dcdaa]" started-at="2022-03-22T12:17:55 COT" name="ValidateActingTimeline" finished-at="2022-03-22T12:17:59 COT" duration-ms="3642" status="PASS">
          <reporter-output>
          </reporter-output>
        </test-method> <!-- ValidateActingTimeline -->
        <test-method is-config="true" signature="Screenshots()[pri:0, instance:TestRunner@7e8dcdaa]" started-at="2022-03-22T12:17:59 COT" name="Screenshots" finished-at="2022-03-22T12:17:59 COT" duration-ms="344" status="PASS">
          <reporter-output>
          </reporter-output>
        </test-method> <!-- Screenshots -->
        <test-method is-config="true" signature="tearDown()[pri:0, instance:TestRunner@7e8dcdaa]" started-at="2022-03-22T12:17:59 COT" name="tearDown" finished-at="2022-03-22T12:18:00 COT" duration-ms="343" status="PASS">
          <reporter-output>
          </reporter-output>
        </test-method> <!-- tearDown -->
        <test-method is-config="true" signature="setup()[pri:0, instance:TestRunner@7e8dcdaa]" started-at="2022-03-22T12:18:00 COT" name="setup" finished-at="2022-03-22T12:18:04 COT" duration-ms="4396" status="PASS">
          <reporter-output>
          </reporter-output>
        </test-method> <!-- setup -->
        <test-method signature="VerifyMovieGenreFilter()[pri:0, instance:TestRunner@7e8dcdaa]" started-at="2022-03-22T12:18:04 COT" name="VerifyMovieGenreFilter" finished-at="2022-03-22T12:18:08 COT" duration-ms="3528" status="PASS">
          <reporter-output>
          </reporter-output>
        </test-method> <!-- VerifyMovieGenreFilter -->
        <test-method is-config="true" signature="Screenshots()[pri:0, instance:TestRunner@7e8dcdaa]" started-at="2022-03-22T12:18:08 COT" name="Screenshots" finished-at="2022-03-22T12:18:09 COT" duration-ms="893" status="PASS">
          <reporter-output>
          </reporter-output>
        </test-method> <!-- Screenshots -->
        <test-method is-config="true" signature="tearDown()[pri:0, instance:TestRunner@7e8dcdaa]" started-at="2022-03-22T12:18:09 COT" name="tearDown" finished-at="2022-03-22T12:18:09 COT" duration-ms="489" status="PASS">
          <reporter-output>
          </reporter-output>
        </test-method> <!-- tearDown -->
      </class> <!-- TestRunner -->
    </test> <!-- Demo Folder1 -->
  </suite> <!-- GUI Challenge -->
</testng-results>
