-------------------------------------------------------------------------------
Test set: TestSuite
-------------------------------------------------------------------------------
Tests run: 6, Failures: 1, Errors: 0, Skipped: 0, Time elapsed: 49.615 s <<< FAILURE! - in TestSuite
FailedLogin(TestRunner)  Time elapsed: 2.728 s  <<< FAILURE!
java.lang.AssertionError: expected [You have 4 remaining login attempts.] but found [You have 7 remaining login attempts.]
	at TestRunner.FailedLogin(TestRunner.java:57)

